commit d83a63e82d011953d0afb30a0e41dd1f3a0acf67
Author: juana wolff <juanawolff05@gmail.com>
Date:   Sun Dec 7 22:24:55 2025 +0100

    changes on html

commit 461ad193dbcf25c10f62d7f24bf254268e01f866
Author: juana wolff <juanawolff05@gmail.com>
Date:   Sun Dec 7 22:19:04 2025 +0100

    change

commit 88eaa38d7f07cbc384a12f69d072afd8cb2805df
Author: juana wolff <juanawolff05@gmail.com>
Date:   Sun Dec 7 22:18:05 2025 +0100

    fixed code

commit 3fbfe944b8e8bc09bcd588b73adfb77d8021e30e
Author: juana wolff <juanawolff05@gmail.com>
Date:   Sun Dec 7 22:17:05 2025 +0100

    yes

commit bc3852755eefbd2ecefea51633b6979ef32516d7
Author: juana wolff <juanawolff05@gmail.com>
Date:   Sun Dec 7 22:15:58 2025 +0100

    add changes to html

commit 186f40e6f7307788abd7574c126037e1f8bd0020
Author: juana wolff <juanawolff05@gmail.com>
Date:   Sun Dec 7 22:13:47 2025 +0100

    Adding content in html and images folder

commit 60f66ec6a7724ff4312f3af21b41e88302fe637d
Author: juanawr <9401621@alumnos.ufv.es>
Date:   Sun Dec 7 22:08:23 2025 +0100

    Update README with project details and actions
    
    Added project description and actions summary.

commit a31723821cd452068ef7479f01cb780348a82156
Author: juana wolff <juanawolff05@gmail.com>
Date:   Sun Dec 7 22:07:51 2025 +0100

    Adding content in html and images folder

commit bca09b4061ccb29ab983012ea79d93ed8087e5b6
Author: juana wolff <juanawolff05@gmail.com>
Date:   Sun Dec 7 21:53:04 2025 +0100

    Adding header and footer in html file, styles are included too

commit cfcb017b3a842e40702c55cc19bb684a1d5ccf01
Author: juana wolff <juanawolff05@gmail.com>
Date:   Sun Dec 7 21:32:34 2025 +0100

    adding basic structure in html file

commit 4da4db71bacb5e06cba860f5cb8fbc8f3ff9bb8e
Author: juanawr <9401621@alumnos.ufv.es>
Date:   Sun Dec 7 21:18:11 2025 +0100

    Initial commit
